<?xml version="1.0" encoding="UTF-8"?>
<testng-results skipped="0" failed="0" total="1" passed="1">
  <reporter-output>
  </reporter-output>
  <suite name="Default suite" duration-ms="56" started-at="2020-02-11T06:22:37Z" finished-at="2020-02-11T06:22:37Z">
    <groups>
    </groups>
    <test name="Default test" duration-ms="56" started-at="2020-02-11T06:22:37Z" finished-at="2020-02-11T06:22:37Z">
      <class name="assertion.demo.AssertionScript">
        <test-method status="PASS" signature="test1()[pri:0, instance:assertion.demo.AssertionScript@6a2bcfcb]" name="test1" duration-ms="28" started-at="2020-02-11T11:52:37Z" finished-at="2020-02-11T11:52:37Z">
          <reporter-output>
          </reporter-output>
        </test-method> <!-- test1 -->
      </class> <!-- assertion.demo.AssertionScript -->
    </test> <!-- Default test -->
  </suite> <!-- Default suite -->
</testng-results>
