<?xml version="1.0" encoding="UTF-8"?>
<testng-results skipped="0" failed="0" ignored="0" total="2" passed="2">
  <reporter-output>
  </reporter-output>
  <suite name="Default suite" duration-ms="21425" started-at="2020-03-08T19:36:18Z" finished-at="2020-03-08T19:36:40Z">
    <groups>
    </groups>
    <test name="Default test" duration-ms="21425" started-at="2020-03-08T19:36:18Z" finished-at="2020-03-08T19:36:40Z">
      <class name="com.learnautomation.testcases.LoginTestCase">
        <test-method status="PASS" signature="setUpSuite()[pri:0, instance:com.learnautomation.testcases.LoginTestCase@1753acfe]" name="setUpSuite" is-config="true" duration-ms="377" started-at="2020-03-09T01:06:18Z" finished-at="2020-03-09T01:06:18Z">
          <reporter-output>
          </reporter-output>
        </test-method> <!-- setUpSuite -->
        <test-method status="PASS" signature="setup()[pri:0, instance:com.learnautomation.testcases.LoginTestCase@1753acfe]" name="setup" is-config="true" duration-ms="14596" started-at="2020-03-09T01:06:18Z" finished-at="2020-03-09T01:06:33Z">
          <reporter-output>
          </reporter-output>
        </test-method> <!-- setup -->
        <test-method status="PASS" signature="loginApp()[pri:1, instance:com.learnautomation.testcases.LoginTestCase@1753acfe]" name="loginApp" duration-ms="1537" started-at="2020-03-09T01:06:33Z" finished-at="2020-03-09T01:06:34Z">
          <reporter-output>
          </reporter-output>
        </test-method> <!-- loginApp -->
        <test-method status="PASS" signature="teardownMethod(org.testng.ITestResult)[pri:0, instance:com.learnautomation.testcases.LoginTestCase@1753acfe]" name="teardownMethod" is-config="true" duration-ms="1767" started-at="2020-03-09T01:06:34Z" finished-at="2020-03-09T01:06:36Z">
          <params>
            <param index="0">
              <value>
                <![CDATA[[TestResult name=loginApp status=SUCCESS method=LoginTestCase.loginApp()[pri:1, instance:com.learnautomation.testcases.LoginTestCase@1753acfe] output={null}]]]>
              </value>
            </param>
          </params>
          <reporter-output>
          </reporter-output>
        </test-method> <!-- teardownMethod -->
        <test-method status="PASS" signature="logoutApp()[pri:2, instance:com.learnautomation.testcases.LoginTestCase@1753acfe]" name="logoutApp" duration-ms="4" started-at="2020-03-09T01:06:36Z" finished-at="2020-03-09T01:06:36Z">
          <reporter-output>
          </reporter-output>
        </test-method> <!-- logoutApp -->
        <test-method status="PASS" signature="teardownMethod(org.testng.ITestResult)[pri:0, instance:com.learnautomation.testcases.LoginTestCase@1753acfe]" name="teardownMethod" is-config="true" duration-ms="1549" started-at="2020-03-09T01:06:36Z" finished-at="2020-03-09T01:06:38Z">
          <params>
            <param index="0">
              <value>
                <![CDATA[[TestResult name=logoutApp status=SUCCESS method=LoginTestCase.logoutApp()[pri:2, instance:com.learnautomation.testcases.LoginTestCase@1753acfe] output={null}]]]>
              </value>
            </param>
          </params>
          <reporter-output>
          </reporter-output>
        </test-method> <!-- teardownMethod -->
        <test-method status="PASS" signature="teardown()[pri:0, instance:com.learnautomation.testcases.LoginTestCase@1753acfe]" name="teardown" is-config="true" duration-ms="1937" started-at="2020-03-09T01:06:38Z" finished-at="2020-03-09T01:06:40Z">
          <reporter-output>
          </reporter-output>
        </test-method> <!-- teardown -->
      </class> <!-- com.learnautomation.testcases.LoginTestCase -->
    </test> <!-- Default test -->
  </suite> <!-- Default suite -->
</testng-results>
